yarn run v1.7.0
$ node scripts/start.js
Starting the development server...

Compiled with warnings.

./src/containers/home/home.js
  Line 3:  'homeActions' is defined but never used  no-unused-vars

./src/containers/home/job_info/jobs_list.js
  Line 8:  'CircularProgress' is defined but never used  no-unused-vars

Search for the keywords to learn more about each warning.
To ignore, add // eslint-disable-next-line to the line before.

yarn run v1.7.0
$ node scripts/start.js
Starting the development server...

Compiled with warnings.

./src/containers/home/home.js
  Line 3:  'homeActions' is defined but never used  no-unused-vars

./src/containers/home/job_info/jobs_list.js
  Line 8:  'CircularProgress' is defined but never used  no-unused-vars

Search for the keywords to learn more about each warning.
To ignore, add // eslint-disable-next-line to the line before.

